<?xml version="1.0" encoding="UTF-8"?>
<testng-results skipped="0" failed="2" ignored="2" total="7" passed="3">
  <reporter-output>
  </reporter-output>
  <suite name="allSuites" duration-ms="11832" started-at="2020-05-08T08:32:52Z" finished-at="2020-05-08T08:33:04Z">
    <groups>
      <group name="tc003">
        <method signature="WebUITestDemo.tc004_VerifyGoogleSearchPageWithData1(java.util.HashMap)[pri:0, instance:com.automation.test.testcases.demo.web.ui.WebUITestDemo@3bfdc050]" name="tc004_VerifyGoogleSearchPageWithData1" class="com.automation.test.testcases.demo.web.ui.WebUITestDemo"/>
      </group> <!-- tc003 -->
    </groups>
    <test name="tc004_VerifyGoogleSearchPageWithData1" duration-ms="160" started-at="2020-05-08T08:32:52Z" finished-at="2020-05-08T08:32:52Z">
      <class name="com.automation.test.testcases.demo.web.ui.WebUITestDemo">
        <test-method status="FAIL" signature="tc004_VerifyGoogleSearchPageWithData1(java.util.HashMap)[pri:0, instance:com.automation.test.testcases.demo.web.ui.WebUITestDemo@3bfdc050]" name="tc004_VerifyGoogleSearchPageWithData1" duration-ms="12" started-at="2020-05-08T08:32:52Z" data-provider="FilterData" finished-at="2020-05-08T08:32:52Z">
          <params>
            <param index="0">
              <value>
                <![CDATA[{ID TCs=tc002, expected_text=Offshore Product Development and Testing, search_text=QA - KMS Technology}]]>
              </value>
            </param>
          </params>
          <exception class="java.lang.NullPointerException">
            <full-stacktrace>
              <![CDATA[java.lang.NullPointerException
at com.automation.framework.core.web.ui.object.BasePage.navigateToURL(BasePage.java:79)
at com.automation.test.testcases.demo.web.ui.WebUITestDemo.tc004_VerifyGoogleSearchPageWithData1(WebUITestDemo.java:53)
at sun.reflect.NativeMethodAccessorImpl.invoke0(Native Method)
at sun.reflect.NativeMethodAccessorImpl.invoke(NativeMethodAccessorImpl.java:62)
at sun.reflect.DelegatingMethodAccessorImpl.invoke(DelegatingMethodAccessorImpl.java:43)
at java.lang.reflect.Method.invoke(Method.java:498)
at org.testng.internal.MethodInvocationHelper.invokeMethod(MethodInvocationHelper.java:124)
at org.testng.internal.Invoker.invokeMethod(Invoker.java:583)
at org.testng.internal.Invoker.invokeTestMethod(Invoker.java:719)
at org.testng.internal.Invoker.invokeTestMethods(Invoker.java:989)
at org.testng.internal.TestMethodWorker.invokeTestMethods(TestMethodWorker.java:125)
at org.testng.internal.TestMethodWorker.run(TestMethodWorker.java:109)
at org.testng.TestRunner.privateRun(TestRunner.java:648)
at org.testng.TestRunner.run(TestRunner.java:505)
at org.testng.SuiteRunner.runTest(SuiteRunner.java:455)
at org.testng.SuiteRunner.runSequentially(SuiteRunner.java:450)
at org.testng.SuiteRunner.privateRun(SuiteRunner.java:415)
at org.testng.SuiteRunner.run(SuiteRunner.java:364)
at org.testng.SuiteRunnerWorker.runSuite(SuiteRunnerWorker.java:52)
at org.testng.SuiteRunnerWorker.run(SuiteRunnerWorker.java:84)
at org.testng.TestNG.runSuitesSequentially(TestNG.java:1208)
at org.testng.TestNG.runSuitesLocally(TestNG.java:1137)
at org.testng.TestNG.runSuites(TestNG.java:1049)
at org.testng.TestNG.run(TestNG.java:1017)
at org.apache.maven.surefire.testng.TestNGExecutor.run(TestNGExecutor.java:283)
at org.apache.maven.surefire.testng.TestNGXmlTestSuite.execute(TestNGXmlTestSuite.java:75)
at org.apache.maven.surefire.testng.TestNGProvider.invoke(TestNGProvider.java:120)
at org.apache.maven.surefire.booter.ForkedBooter.invokeProviderInSameClassLoader(ForkedBooter.java:384)
at org.apache.maven.surefire.booter.ForkedBooter.runSuitesInProcess(ForkedBooter.java:345)
at org.apache.maven.surefire.booter.ForkedBooter.execute(ForkedBooter.java:126)
at org.apache.maven.surefire.booter.ForkedBooter.main(ForkedBooter.java:418)
]]>
            </full-stacktrace>
          </exception> <!-- java.lang.NullPointerException -->
          <reporter-output>
          </reporter-output>
        </test-method> <!-- tc004_VerifyGoogleSearchPageWithData1 -->
        <test-method status="PASS" signature="beforeMethod(java.lang.reflect.Method, [Ljava.lang.Object;)[pri:0, instance:com.automation.test.testcases.demo.web.ui.WebUITestDemo@3bfdc050]" name="beforeMethod" is-config="true" duration-ms="0" started-at="2020-05-08T08:32:52Z" finished-at="2020-05-08T08:32:52Z">
          <params>
            <param index="0">
              <value>
                <![CDATA[public void com.automation.test.testcases.demo.web.ui.WebUITestDemo.tc004_VerifyGoogleSearchPageWithData1(java.util.HashMap)]]>
              </value>
            </param>
            <param index="1">
              <value>
                <![CDATA[[Ljava.lang.Object;@5ebd56e9]]>
              </value>
            </param>
          </params>
          <reporter-output>
          </reporter-output>
        </test-method> <!-- beforeMethod -->
        <test-method status="PASS" signature="beforeMethod(java.lang.reflect.Method, [Ljava.lang.Object;)[pri:0, instance:com.automation.test.testcases.demo.web.ui.WebUITestDemo@3bfdc050]" name="beforeMethod" is-config="true" duration-ms="1" started-at="2020-05-08T08:32:52Z" finished-at="2020-05-08T08:32:52Z">
          <params>
            <param index="0">
              <value>
                <![CDATA[public void com.automation.test.testcases.demo.web.ui.WebUITestDemo.tc004_VerifyGoogleSearchPageWithData1(java.util.HashMap)]]>
              </value>
            </param>
            <param index="1">
              <value>
                <![CDATA[[Ljava.lang.Object;@63f34b70]]>
              </value>
            </param>
          </params>
          <reporter-output>
          </reporter-output>
        </test-method> <!-- beforeMethod -->
        <test-method status="FAIL" signature="tc004_VerifyGoogleSearchPageWithData1(java.util.HashMap)[pri:0, instance:com.automation.test.testcases.demo.web.ui.WebUITestDemo@3bfdc050]" name="tc004_VerifyGoogleSearchPageWithData1" duration-ms="0" started-at="2020-05-08T08:32:52Z" data-provider="FilterData" finished-at="2020-05-08T08:32:52Z">
          <params>
            <param index="0">
              <value>
                <![CDATA[{ID TCs=tc003, expected_text=Framework, search_text=QA - Java Automation Framework}]]>
              </value>
            </param>
          </params>
          <exception class="java.lang.NullPointerException">
            <full-stacktrace>
              <![CDATA[java.lang.NullPointerException
at com.automation.framework.core.web.ui.object.BasePage.navigateToURL(BasePage.java:79)
at com.automation.test.testcases.demo.web.ui.WebUITestDemo.tc004_VerifyGoogleSearchPageWithData1(WebUITestDemo.java:53)
at sun.reflect.NativeMethodAccessorImpl.invoke0(Native Method)
at sun.reflect.NativeMethodAccessorImpl.invoke(NativeMethodAccessorImpl.java:62)
at sun.reflect.DelegatingMethodAccessorImpl.invoke(DelegatingMethodAccessorImpl.java:43)
at java.lang.reflect.Method.invoke(Method.java:498)
at org.testng.internal.MethodInvocationHelper.invokeMethod(MethodInvocationHelper.java:124)
at org.testng.internal.Invoker.invokeMethod(Invoker.java:583)
at org.testng.internal.Invoker.invokeTestMethod(Invoker.java:719)
at org.testng.internal.Invoker.invokeTestMethods(Invoker.java:989)
at org.testng.internal.TestMethodWorker.invokeTestMethods(TestMethodWorker.java:125)
at org.testng.internal.TestMethodWorker.run(TestMethodWorker.java:109)
at org.testng.TestRunner.privateRun(TestRunner.java:648)
at org.testng.TestRunner.run(TestRunner.java:505)
at org.testng.SuiteRunner.runTest(SuiteRunner.java:455)
at org.testng.SuiteRunner.runSequentially(SuiteRunner.java:450)
at org.testng.SuiteRunner.privateRun(SuiteRunner.java:415)
at org.testng.SuiteRunner.run(SuiteRunner.java:364)
at org.testng.SuiteRunnerWorker.runSuite(SuiteRunnerWorker.java:52)
at org.testng.SuiteRunnerWorker.run(SuiteRunnerWorker.java:84)
at org.testng.TestNG.runSuitesSequentially(TestNG.java:1208)
at org.testng.TestNG.runSuitesLocally(TestNG.java:1137)
at org.testng.TestNG.runSuites(TestNG.java:1049)
at org.testng.TestNG.run(TestNG.java:1017)
at org.apache.maven.surefire.testng.TestNGExecutor.run(TestNGExecutor.java:283)
at org.apache.maven.surefire.testng.TestNGXmlTestSuite.execute(TestNGXmlTestSuite.java:75)
at org.apache.maven.surefire.testng.TestNGProvider.invoke(TestNGProvider.java:120)
at org.apache.maven.surefire.booter.ForkedBooter.invokeProviderInSameClassLoader(ForkedBooter.java:384)
at org.apache.maven.surefire.booter.ForkedBooter.runSuitesInProcess(ForkedBooter.java:345)
at org.apache.maven.surefire.booter.ForkedBooter.execute(ForkedBooter.java:126)
at org.apache.maven.surefire.booter.ForkedBooter.main(ForkedBooter.java:418)
]]>
            </full-stacktrace>
          </exception> <!-- java.lang.NullPointerException -->
          <reporter-output>
          </reporter-output>
        </test-method> <!-- tc004_VerifyGoogleSearchPageWithData1 -->
      </class> <!-- com.automation.test.testcases.demo.web.ui.WebUITestDemo -->
    </test> <!-- tc004_VerifyGoogleSearchPageWithData1 -->
    <test name="Web API Test Demo" duration-ms="11633" started-at="2020-05-08T08:32:52Z" finished-at="2020-05-08T08:33:04Z">
      <class name="com.automation.test.testcases.demo.web.api.WebAPIDemo">
        <test-method status="PASS" signature="beforeSuite(org.testng.ITestContext, java.lang.String, java.lang.String, java.lang.String)[pri:0, instance:com.automation.test.testcases.demo.web.api.WebAPIDemo@31ef45e3]" name="beforeSuite" is-config="true" duration-ms="27" started-at="2020-05-08T08:32:52Z" finished-at="2020-05-08T08:32:52Z">
          <params>
            <param index="0">
              <value>
                <![CDATA[org.testng.TestRunner@2427e004]]>
              </value>
            </param>
            <param index="1">
              <value>
                <![CDATA[TestData]]>
              </value>
            </param>
            <param index="2">
              <value>
                <![CDATA[QA]]>
              </value>
            </param>
            <param index="3">
              <value>
                <![CDATA[DataMappings.csv]]>
              </value>
            </param>
          </params>
          <reporter-output>
          </reporter-output>
        </test-method> <!-- beforeSuite -->
        <test-method status="PASS" signature="beforeMethod(java.lang.reflect.Method, [Ljava.lang.Object;)[pri:0, instance:com.automation.test.testcases.demo.web.api.WebAPIDemo@31ef45e3]" name="beforeMethod" is-config="true" duration-ms="1" started-at="2020-05-08T08:32:52Z" finished-at="2020-05-08T08:32:52Z">
          <params>
            <param index="0">
              <value>
                <![CDATA[public void com.automation.test.testcases.demo.web.api.WebAPIDemo.tc003_VerifyGetPostObjectByIdSuccessfully(java.util.HashMap)]]>
              </value>
            </param>
            <param index="1">
              <value>
                <![CDATA[[Ljava.lang.Object;@641856]]>
              </value>
            </param>
          </params>
          <reporter-output>
          </reporter-output>
        </test-method> <!-- beforeMethod -->
        <test-method status="PASS" signature="tc003_VerifyGetPostObjectByIdSuccessfully(java.util.HashMap)[pri:0, instance:com.automation.test.testcases.demo.web.api.WebAPIDemo@31ef45e3]" name="tc003_VerifyGetPostObjectByIdSuccessfully" duration-ms="4961" started-at="2020-05-08T08:32:52Z" data-provider="CreateData" finished-at="2020-05-08T08:32:57Z">
          <params>
            <param index="0">
              <value>
                <![CDATA[{post_object_id=1}]]>
              </value>
            </param>
          </params>
          <reporter-output>
          </reporter-output>
        </test-method> <!-- tc003_VerifyGetPostObjectByIdSuccessfully -->
        <test-method status="PASS" signature="beforeMethod(java.lang.reflect.Method, [Ljava.lang.Object;)[pri:0, instance:com.automation.test.testcases.demo.web.api.WebAPIDemo@31ef45e3]" name="beforeMethod" is-config="true" duration-ms="0" started-at="2020-05-08T08:32:57Z" finished-at="2020-05-08T08:32:57Z">
          <params>
            <param index="0">
              <value>
                <![CDATA[public void com.automation.test.testcases.demo.web.api.WebAPIDemo.tc003_VerifyGetPostObjectByIdSuccessfully(java.util.HashMap)]]>
              </value>
            </param>
            <param index="1">
              <value>
                <![CDATA[[Ljava.lang.Object;@1b58ff9e]]>
              </value>
            </param>
          </params>
          <reporter-output>
          </reporter-output>
        </test-method> <!-- beforeMethod -->
        <test-method status="PASS" signature="tc003_VerifyGetPostObjectByIdSuccessfully(java.util.HashMap)[pri:0, instance:com.automation.test.testcases.demo.web.api.WebAPIDemo@31ef45e3]" name="tc003_VerifyGetPostObjectByIdSuccessfully" duration-ms="4212" started-at="2020-05-08T08:32:57Z" data-provider="CreateData" finished-at="2020-05-08T08:33:01Z">
          <params>
            <param index="0">
              <value>
                <![CDATA[{post_object_id=2}]]>
              </value>
            </param>
          </params>
          <reporter-output>
          </reporter-output>
        </test-method> <!-- tc003_VerifyGetPostObjectByIdSuccessfully -->
        <test-method status="PASS" signature="beforeMethod(java.lang.reflect.Method, [Ljava.lang.Object;)[pri:0, instance:com.automation.test.testcases.demo.web.api.WebAPIDemo@31ef45e3]" name="beforeMethod" is-config="true" duration-ms="3" started-at="2020-05-08T08:33:01Z" finished-at="2020-05-08T08:33:01Z">
          <params>
            <param index="0">
              <value>
                <![CDATA[public void com.automation.test.testcases.demo.web.api.WebAPIDemo.tc004_VerifyCreateNewPostObjectSuccessfully()]]>
              </value>
            </param>
            <param index="1">
              <value>
                <![CDATA[[Ljava.lang.Object;@7d373bcf]]>
              </value>
            </param>
          </params>
          <reporter-output>
          </reporter-output>
        </test-method> <!-- beforeMethod -->
        <test-method status="PASS" signature="tc004_VerifyCreateNewPostObjectSuccessfully()[pri:0, instance:com.automation.test.testcases.demo.web.api.WebAPIDemo@31ef45e3]" name="tc004_VerifyCreateNewPostObjectSuccessfully" duration-ms="2452" started-at="2020-05-08T08:33:01Z" finished-at="2020-05-08T08:33:04Z">
          <reporter-output>
          </reporter-output>
        </test-method> <!-- tc004_VerifyCreateNewPostObjectSuccessfully -->
      </class> <!-- com.automation.test.testcases.demo.web.api.WebAPIDemo -->
    </test> <!-- Web API Test Demo -->
  </suite> <!-- allSuites -->
</testng-results>
