<?xml version="1.0" encoding="UTF-8"?>
<!-- Generated by org.testng.reporters.JUnitXMLReporter -->
<testsuite hostname="DESKTOP-U0D22PI" ignored="0" name="Web API Test Demo" tests="3" failures="0" timestamp="08 May 2020 08:33:04 GMT" time="11.633" errors="0">
  <testcase name="tc003_VerifyGetPostObjectByIdSuccessfully" time="4.961" classname="com.automation.test.testcases.demo.web.api.WebAPIDemo"/>
  <testcase name="tc003_VerifyGetPostObjectByIdSuccessfully" time="4.212" classname="com.automation.test.testcases.demo.web.api.WebAPIDemo"/>
  <testcase name="tc004_VerifyCreateNewPostObjectSuccessfully" time="2.452" classname="com.automation.test.testcases.demo.web.api.WebAPIDemo"/>
</testsuite> <!-- Web API Test Demo -->
